########### Options used ###########
# PDB file : ../data/prot_test.pdb
# Fasta file : ../data/prot_test.fasta
# Nb of processes used : 7
######## Other informations ########
# Sequence (Length) : VKRGPDVGVITAY (13)
# Final percent identity : 33%
# Last value of High Matrix : 271.190
# Shape of High Matrix : (14, 16)
# Total time : 2.322s
####################################

ALFAVKRPDVVITAY
VKR-GP-DVGVITAY



########### Options used ###########
# PDB file : ../data/prot_test.pdb
# Fasta file : ../data/prot_test.fasta
# Nb of processes used : 7
######## Other informations ########
# Sequence (Length) : VKRGPDVGVITAY (13)
# Final percent identity : 33%
# Last value of High Matrix : 271.190
# Shape of High Matrix : (14, 16)
# Total time : 2.317s
####################################

ALFAVKRPDVVITAY
VKR-GP-DVGVITAY



########### Options used ###########
# PDB file : ../data/prot_test.pdb
# Fasta file : ../data/prot_test.fasta
# Nb of processes used : 7
######## Other informations ########
# Sequence (Length) : VKRGPDVGVITAY (13)
# Final percent identity : 33%
# Last value of High Matrix : 271.190
# Shape of High Matrix : (14, 16)
# Total time : 2.544s
####################################

ALFAVKRPDVVITAY
VKR-GP-DVGVITAY



########### Options used ###########
# PDB file : ../data/prot_test.pdb
# Fasta file : ../data/prot_test.fasta
# Nb of processes used : 7
# Secondary structure used for gap penalty
######## Other informations ########
# Sequence (Length) : VKRGPDVGVITAY (13)
# Final percent identity : 33%
# Last value of High Matrix : 84.100
# Shape of High Matrix : (14, 16)
# Total time : 2.496s
####################################

ALFAVKRPDVVITAY
VKR-GPD-VGVITAY



########### Options used ###########
# PDB file : ../data/prot_test.pdb
# Fasta file : ../data/prot_test.fasta
# Nb of processes used : 7
# Blosum matrix
# Secondary structure used for gap penalty
######## Other informations ########
# Sequence (Length) : VKRGPDVGVITAY (13)
# Final percent identity : 62%
# Last value of High Matrix : 606.270
# Shape of High Matrix : (14, 16)
# Total time : 2.337s
####################################

AVKRPDV-VITAY
VKRGPDVGVITAY



########### Options used ###########
# PDB file : ../data/prot_test.pdb
# Fasta file : ../data/prot_test.fasta
# Nb of processes used : 7
# Blosum matrix
# Weights used : 0.5 Dope 0.5 Blosum
# Secondary structure used for gap penalty
######## Other informations ########
# Sequence (Length) : VKRGPDVGVITAY (13)
# Final percent identity : 85%
# Last value of High Matrix : 150.120
# Shape of High Matrix : (14, 16)
# Total time : 2.342s
####################################

VKR-PDV-VITAY
VKRGPDVGVITAY



########### Options used ###########
# PDB file : ../data/prot_test.pdb
# Fasta file : ../data/prot_test.fasta
# Nb of processes used : 7
# Blosum matrix
# Weights used : 0.9 Dope 0.1 Blosum
# Zscore (1 runs): inf
# Secondary structure used for gap penalty
######## Other informations ########
# Sequence (Length) : VKRGPDVGVITAY (13)
# Final percent identity : 85%
# Last value of High Matrix : 150.120
# Shape of High Matrix : (14, 16)
# Total time : 2.681s
####################################

VKR-PDV-VITAY
VKRGPDVGVITAY



########### Options used ###########
# PDB file : ../data/prot_test.pdb
# Fasta file : ../data/prot_test.fasta
# Nb of processes used : 7
# Zscore (1 runs): inf
# Secondary structure used for gap penalty
######## Other informations ########
# Sequence (Length) : VKRGPDVGVITAY (13)
# Final percent identity : 33%
# Last value of High Matrix : 84.100
# Shape of High Matrix : (14, 16)
# Total time : 2.583s
####################################

ALFAVKRPDVVITAY
VKR-GPD-VGVITAY



